SQLSTATE[HY000] [2002] Permission denied
SQLSTATE[HY000] [2002] Permission denied
SQLSTATE[HY093]: Invalid parameter number: parameter was not defined
SQLSTATE[HY093]: Invalid parameter number: number of bound variables does not match number of tokens
SQLSTATE[HY093]: Invalid parameter number: number of bound variables does not match number of tokens
SQLSTATE[HY093]: Invalid parameter number: number of bound variables does not match number of tokens
SQLSTATE[HY093]: Invalid parameter number: number of bound variables does not match number of tokens
SQLSTATE[HY093]: Invalid parameter number: number of bound variables does not match number of tokens
SQLSTATE[HY093]: Invalid parameter number: number of bound variables does not match number of tokens
SQLSTATE[42S22]: Column not found: 1054 Unknown column 'phoneNumbre' in 'field list'
SQLSTATE[HY000]: General error: 1005 Can't create table `restaurant`.`meals` (errno: 150 "Foreign key constraint is incorrectly formed")
SQLSTATE[42000]: Syntax error or access violation: 1064 You have an error in your SQL syntax; check the manual that corresponds to your MariaDB server version for the right syntax to use near 'VALUES ('1', 'main course'),
                                VALUES ('1', 'de...' at line 3
SQLSTATE[42000]: Syntax error or access violation: 1064 You have an error in your SQL syntax; check the manual that corresponds to your MariaDB server version for the right syntax to use near 'VALUES (1, 'main course'),
                                VALUES (1, 'dessert')' at line 3
SQLSTATE[42000]: Syntax error or access violation: 1064 You have an error in your SQL syntax; check the manual that corresponds to your MariaDB server version for the right syntax to use near 'VALUES ('2', 'main course'),
                                VALUES ('3', 'de...' at line 3
SQLSTATE[42000]: Syntax error or access violation: 1064 You have an error in your SQL syntax; check the manual that corresponds to your MariaDB server version for the right syntax to use near 'VALUES (2, 'main course'),
                                VALUES (3, 'dessert')' at line 3
SQLSTATE[HY093]: Invalid parameter number: number of bound variables does not match number of tokens
SQLSTATE[HY093]: Invalid parameter number: number of bound variables does not match number of tokens
SQLSTATE[HY093]: Invalid parameter number: number of bound variables does not match number of tokens
